[2026-01-13 17:18:08] [INFO]    [MetaProViz] Welcome to MetaProViz!
[2026-01-13 17:18:08] [INFO]    [MetaProViz] MetaProViz version: 3.99.31
[2026-01-13 17:18:08] [INFO]    [MetaProViz] OmnipathR version: 3.17.6
[2026-01-13 17:18:08] [INFO]    [MetaProViz] dma: Differential metabolite analysis.
[2026-01-13 17:18:08] [INFO]    [MetaProViz] In `Numerator` 786-O, 786-M1A, 786-M2A, NA/0 values exist in 5 Metabolite(s). and in `denominator`HK2 2 Metabolite(s
).. Those metabolite(s) might return p.val = NA, p.adj.= NA, t.val = NA. The Log2FC = Inf, if all replicates are 0/NA.
[2026-01-13 17:18:08] [WARN]    [MetaProViz] There are NA's / 0s in the data. This can impact the output of the SHapiro-Wilk test for all metabolites that include NAs / 0s.
[2026-01-13 17:18:09] [INFO]    [MetaProViz] For the condition HK2, NA % of the metabolites follow a normal distribution and NA % of the metabolites are not-normally distributed according to the Shapiro-test. You have chosen lmFit, which is for non-parametric hypothesis testing. `shapiro.test` ignores missing values in the calculation.
[2026-01-13 17:18:09] [INFO]    [MetaProViz] For the condition 786-O, 79.89 % of the metabolites follow a normal distribution and 20.11 % of the metabolites are not-normally distributed according to the Shapiro-test. You have chosen lmFit, which is for non-parametric hypothesis testing. `shapiro.test` ignores missing values in the calculation.
[2026-01-13 17:18:10] [INFO]    [MetaProViz] For the condition 786-M1A, 83.70 % of the metabolites follow a normal distribution and 16.30 % of the metabolites are not-normally distributed according to the Shapiro-test. You have chosen lmFit, which is for non-parametric hypothesis testing. `shapiro.test` ignores missing values in the calculation.
[2026-01-13 17:18:10] [INFO]    [MetaProViz] For the condition 786-M2A, 81.52 % of the metabolites follow a normal distribution and 18.48 % of the metabolites are not-normally distributed according to the Shapiro-test. You have chosen lmFit, which is for non-parametric hypothesis testing. `shapiro.test` ignores missing values in the calculation.
[2026-01-13 17:18:11] [INFO]    [MetaProViz] No conditions were specified as numerator and `HK2` was selected as denumerator. Performing multiple testing `all-vs-one` using `lmFit`.
[2026-01-13 17:18:12] [TRACE]   [MetaProViz] The plot has title, adjusting layout to accommodate it.
[2026-01-13 17:18:12] [TRACE]   [MetaProViz] Parsing unit from `0.5cm`
[2026-01-13 17:18:12] [TRACE]   [MetaProViz] Parsing unit from `12`
[2026-01-13 17:18:12] [TRACE]   [MetaProViz] Parsing unit from `11`
[2026-01-13 17:18:12] [TRACE]   [MetaProViz] Parsing unit from `6cm`
[2026-01-13 17:18:12] [TRACE]   [MetaProViz] Setting widths[7] to 6cm [name=axis-b, offset=0, empty=FALSE, original=1null]
[2026-01-13 17:18:12] [TRACE]   [MetaProViz] Parsing unit from `0cm`
[2026-01-13 17:18:12] [TRACE]   [MetaProViz] Setting widths[1] to 0cm [name=ylab-l, offset=-4, empty=FALSE, original=12points]
[2026-01-13 17:18:12] [TRACE]   [MetaProViz] Parsing unit from `1cm`
[2026-01-13 17:18:12] [TRACE]   [MetaProViz] Setting widths[6] to 1cm [name=axis-l, offset=0, empty=FALSE, original=sum(0cm, 1null, 0.539117372353673cm, 0null, max(0points, -0.210875882108759cm), 0.210875882108759cm)]
[2026-01-13 17:18:12] [TRACE]   [MetaProViz] Parsing unit from `1cm`
[2026-01-13 17:18:12] [TRACE]   [MetaProViz] Setting widths[5] to 1cm [name=ylab-l, offset=0, empty=FALSE, original=1grobwidth]
[2026-01-13 17:18:12] [TRACE]   [MetaProViz] Parsing unit from `0cm`
[2026-01-13 17:18:12] [TRACE]   [MetaProViz] Setting widths[3] to 0cm [name=guide-box-left, offset=0, empty=FALSE, original=0cm]
[2026-01-13 17:18:12] [TRACE]   [MetaProViz] Parsing unit from `0cm`
[2026-01-13 17:18:12] [TRACE]   [MetaProViz] Setting widths[8] to 0cm [name=axis-r, offset=0, empty=FALSE, original=0cm]
[2026-01-13 17:18:12] [TRACE]   [MetaProViz] Parsing unit from `0cm`
[2026-01-13 17:18:12] [TRACE]   [MetaProViz] Setting widths[9] to 0cm [name=ylab-r, offset=0, empty=FALSE, original=0cm]
[2026-01-13 17:18:12] [TRACE]   [MetaProViz] Parsing unit from `1cm`
[2026-01-13 17:18:12] [TRACE]   [MetaProViz] Setting widths[4] to 1cm [name=ylab-l, offset=-1, empty=TRUE, original=0points]
[2026-01-13 17:18:12] [TRACE]   [MetaProViz] Parsing unit from `1cm`
[2026-01-13 17:18:12] [TRACE]   [MetaProViz] Setting widths[11] to 1cm [name=guide-box-right, offset=0, empty=FALSE, original=0cm]
[2026-01-13 17:18:12] [TRACE]   [MetaProViz] Parsing unit from `8cm`
[2026-01-13 17:18:12] [TRACE]   [MetaProViz] Setting heights[9] to 8cm [name=axis-l, offset=0, empty=FALSE, original=1null]
[2026-01-13 17:18:12] [TRACE]   [MetaProViz] Parsing unit from `0.75cm`
[2026-01-13 17:18:12] [TRACE]   [MetaProViz] Setting heights[10] to 0.75cm [name=axis-b, offset=0, empty=FALSE, original=sum(0.210875882108759cm, max(0points, -0.210875882108759cm), 0null, 0.539117372353673cm, 1null, 0cm)]
[2026-01-13 17:18:12] [TRACE]   [MetaProViz] Parsing unit from `0.75cm`
[2026-01-13 17:18:12] [TRACE]   [MetaProViz] Setting heights[11] to 0.75cm [name=xlab-b, offset=0, empty=FALSE, original=1grobheight]
[2026-01-13 17:18:12] [TRACE]   [MetaProViz] Parsing unit from `0cm`
[2026-01-13 17:18:12] [TRACE]   [MetaProViz] Setting heights[1] to 0cm [name=title, offset=-2, empty=FALSE, original=12points]
[2026-01-13 17:18:12] [TRACE]   [MetaProViz] Parsing unit from `0cm`
[2026-01-13 17:18:12] [TRACE]   [MetaProViz] Setting heights[2] to 0cm [name=title, offset=-1, empty=TRUE, original=0points]
[2026-01-13 17:18:12] [TRACE]   [MetaProViz] Parsing unit from `0.25cm`
[2026-01-13 17:18:12] [TRACE]   [MetaProViz] Setting heights[3] to 0.25cm [name=title, offset=0, empty=FALSE, original=1grobheight]
[2026-01-13 17:18:12] [TRACE]   [MetaProViz] Parsing unit from `0cm`
[2026-01-13 17:18:12] [TRACE]   [MetaProViz] Setting heights[4] to 0cm [name=subtitle, offset=0, empty=FALSE, original=1grobheight]
[2026-01-13 17:18:12] [TRACE]   [MetaProViz] Parsing unit from `0cm`
[2026-01-13 17:18:12] [TRACE]   [MetaProViz] Setting heights[5] to 0cm [name=guide-box-top, offset=0, empty=FALSE, original=0cm]
[2026-01-13 17:18:12] [TRACE]   [MetaProViz] Parsing unit from `0cm`
[2026-01-13 17:18:12] [TRACE]   [MetaProViz] Setting heights[6] to 0cm [name=xlab-t, offset=-1, empty=TRUE, original=0points]
[2026-01-13 17:18:12] [TRACE]   [MetaProViz] Setting heights[3] to 0.5cm [name=title, main, offset=0, empty=FALSE, original=0.25cm]
[2026-01-13 17:18:12] [TRACE]   [MetaProViz] Parsing unit from `0.5cm`
[2026-01-13 17:18:12] [TRACE]   [MetaProViz] Setting heights[4] to 0.5cm [name=subtitle, main, offset=0, empty=FALSE, original=0cm]
[2026-01-13 17:18:12] [TRACE]   [MetaProViz] Parsing unit from `-0.70cm`
[2026-01-13 17:18:12] [TRACE]   [MetaProViz] Setting widths[11] to max(-0.7cm, 1cm) [name=guide-box-right, legend, offset=0, empty=FALSE, original=1cm]
[2026-01-13 17:18:12] [TRACE]   [MetaProViz] Sum of heights: 12.00, sum of widths: 12.00
[2026-01-13 17:18:13] [TRACE]   [MetaProViz] The plot has title, adjusting layout to accommodate it.
[2026-01-13 17:18:13] [TRACE]   [MetaProViz] Parsing unit from `0.5cm`
[2026-01-13 17:18:13] [TRACE]   [MetaProViz] Parsing unit from `12`
[2026-01-13 17:18:13] [TRACE]   [MetaProViz] Parsing unit from `11`
[2026-01-13 17:18:13] [TRACE]   [MetaProViz] Parsing unit from `6cm`
[2026-01-13 17:18:13] [TRACE]   [MetaProViz] Setting widths[7] to 6cm [name=axis-b, offset=0, empty=FALSE, original=1null]
[2026-01-13 17:18:13] [TRACE]   [MetaProViz] Parsing unit from `0cm`
[2026-01-13 17:18:13] [TRACE]   [MetaProViz] Setting widths[1] to 0cm [name=ylab-l, offset=-4, empty=FALSE, original=12points]
[2026-01-13 17:18:13] [TRACE]   [MetaProViz] Parsing unit from `1cm`
[2026-01-13 17:18:13] [TRACE]   [MetaProViz] Setting widths[6] to 1cm [name=axis-l, offset=0, empty=FALSE, original=sum(0cm, 1null, 0.539117372353673cm, 0null, max(0points, -0.210875882108759cm), 0.210875882108759cm)]
[2026-01-13 17:18:13] [TRACE]   [MetaProViz] Parsing unit from `1cm`
[2026-01-13 17:18:13] [TRACE]   [MetaProViz] Setting widths[5] to 1cm [name=ylab-l, offset=0, empty=FALSE, original=1grobwidth]
[2026-01-13 17:18:13] [TRACE]   [MetaProViz] Parsing unit from `0cm`
[2026-01-13 17:18:13] [TRACE]   [MetaProViz] Setting widths[3] to 0cm [name=guide-box-left, offset=0, empty=FALSE, original=0cm]
[2026-01-13 17:18:13] [TRACE]   [MetaProViz] Parsing unit from `0cm`
[2026-01-13 17:18:13] [TRACE]   [MetaProViz] Setting widths[8] to 0cm [name=axis-r, offset=0, empty=FALSE, original=0cm]
[2026-01-13 17:18:13] [TRACE]   [MetaProViz] Parsing unit from `0cm`
[2026-01-13 17:18:13] [TRACE]   [MetaProViz] Setting widths[9] to 0cm [name=ylab-r, offset=0, empty=FALSE, original=0cm]
[2026-01-13 17:18:14] [TRACE]   [MetaProViz] Parsing unit from `1cm`
[2026-01-13 17:18:14] [TRACE]   [MetaProViz] Setting widths[4] to 1cm [name=ylab-l, offset=-1, empty=TRUE, original=0points]
[2026-01-13 17:18:14] [TRACE]   [MetaProViz] Parsing unit from `1cm`
[2026-01-13 17:18:14] [TRACE]   [MetaProViz] Setting widths[11] to 1cm [name=guide-box-right, offset=0, empty=FALSE, original=0cm]
[2026-01-13 17:18:14] [TRACE]   [MetaProViz] Parsing unit from `8cm`
[2026-01-13 17:18:14] [TRACE]   [MetaProViz] Setting heights[9] to 8cm [name=axis-l, offset=0, empty=FALSE, original=1null]
[2026-01-13 17:18:14] [TRACE]   [MetaProViz] Parsing unit from `0.75cm`
[2026-01-13 17:18:14] [TRACE]   [MetaProViz] Setting heights[10] to 0.75cm [name=axis-b, offset=0, empty=FALSE, original=sum(0.210875882108759cm, max(0points, -0.210875882108759cm), 0null, 0.539117372353673cm, 1null, 0cm)]
[2026-01-13 17:18:14] [TRACE]   [MetaProViz] Parsing unit from `0.75cm`
[2026-01-13 17:18:14] [TRACE]   [MetaProViz] Setting heights[11] to 0.75cm [name=xlab-b, offset=0, empty=FALSE, original=1grobheight]
[2026-01-13 17:18:14] [TRACE]   [MetaProViz] Parsing unit from `0cm`
[2026-01-13 17:18:14] [TRACE]   [MetaProViz] Setting heights[1] to 0cm [name=title, offset=-2, empty=FALSE, original=12points]
[2026-01-13 17:18:14] [TRACE]   [MetaProViz] Parsing unit from `0cm`
[2026-01-13 17:18:14] [TRACE]   [MetaProViz] Setting heights[2] to 0cm [name=title, offset=-1, empty=TRUE, original=0points]
[2026-01-13 17:18:14] [TRACE]   [MetaProViz] Parsing unit from `0.25cm`
[2026-01-13 17:18:14] [TRACE]   [MetaProViz] Setting heights[3] to 0.25cm [name=title, offset=0, empty=FALSE, original=1grobheight]
[2026-01-13 17:18:14] [TRACE]   [MetaProViz] Parsing unit from `0cm`
[2026-01-13 17:18:14] [TRACE]   [MetaProViz] Setting heights[4] to 0cm [name=subtitle, offset=0, empty=FALSE, original=1grobheight]
[2026-01-13 17:18:14] [TRACE]   [MetaProViz] Parsing unit from `0cm`
[2026-01-13 17:18:14] [TRACE]   [MetaProViz] Setting heights[5] to 0cm [name=guide-box-top, offset=0, empty=FALSE, original=0cm]
[2026-01-13 17:18:14] [TRACE]   [MetaProViz] Parsing unit from `0cm`
[2026-01-13 17:18:14] [TRACE]   [MetaProViz] Setting heights[6] to 0cm [name=xlab-t, offset=-1, empty=TRUE, original=0points]
[2026-01-13 17:18:14] [TRACE]   [MetaProViz] Setting heights[3] to 0.5cm [name=title, main, offset=0, empty=FALSE, original=0.25cm]
[2026-01-13 17:18:14] [TRACE]   [MetaProViz] Parsing unit from `0.5cm`
[2026-01-13 17:18:14] [TRACE]   [MetaProViz] Setting heights[4] to 0.5cm [name=subtitle, main, offset=0, empty=FALSE, original=0cm]
[2026-01-13 17:18:14] [TRACE]   [MetaProViz] Parsing unit from `-0.70cm`
[2026-01-13 17:18:14] [TRACE]   [MetaProViz] Setting widths[11] to max(-0.7cm, 1cm) [name=guide-box-right, legend, offset=0, empty=FALSE, original=1cm]
[2026-01-13 17:18:14] [TRACE]   [MetaProViz] Sum of heights: 12.00, sum of widths: 12.00
[2026-01-13 17:18:14] [TRACE]   [MetaProViz] The plot has title, adjusting layout to accommodate it.
[2026-01-13 17:18:14] [TRACE]   [MetaProViz] Parsing unit from `0.5cm`
[2026-01-13 17:18:14] [TRACE]   [MetaProViz] Parsing unit from `12`
[2026-01-13 17:18:14] [TRACE]   [MetaProViz] Parsing unit from `11`
[2026-01-13 17:18:14] [TRACE]   [MetaProViz] Parsing unit from `6cm`
[2026-01-13 17:18:14] [TRACE]   [MetaProViz] Setting widths[7] to 6cm [name=axis-b, offset=0, empty=FALSE, original=1null]
[2026-01-13 17:18:14] [TRACE]   [MetaProViz] Parsing unit from `0cm`
[2026-01-13 17:18:14] [TRACE]   [MetaProViz] Setting widths[1] to 0cm [name=ylab-l, offset=-4, empty=FALSE, original=12points]
[2026-01-13 17:18:14] [TRACE]   [MetaProViz] Parsing unit from `1cm`
[2026-01-13 17:18:14] [TRACE]   [MetaProViz] Setting widths[6] to 1cm [name=axis-l, offset=0, empty=FALSE, original=sum(0cm, 1null, 0.539117372353673cm, 0null, max(0points, -0.210875882108759cm), 0.210875882108759cm)]
[2026-01-13 17:18:14] [TRACE]   [MetaProViz] Parsing unit from `1cm`
[2026-01-13 17:18:14] [TRACE]   [MetaProViz] Setting widths[5] to 1cm [name=ylab-l, offset=0, empty=FALSE, original=1grobwidth]
[2026-01-13 17:18:14] [TRACE]   [MetaProViz] Parsing unit from `0cm`
[2026-01-13 17:18:14] [TRACE]   [MetaProViz] Setting widths[3] to 0cm [name=guide-box-left, offset=0, empty=FALSE, original=0cm]
[2026-01-13 17:18:14] [TRACE]   [MetaProViz] Parsing unit from `0cm`
[2026-01-13 17:18:14] [TRACE]   [MetaProViz] Setting widths[8] to 0cm [name=axis-r, offset=0, empty=FALSE, original=0cm]
[2026-01-13 17:18:14] [TRACE]   [MetaProViz] Parsing unit from `0cm`
[2026-01-13 17:18:14] [TRACE]   [MetaProViz] Setting widths[9] to 0cm [name=ylab-r, offset=0, empty=FALSE, original=0cm]
[2026-01-13 17:18:14] [TRACE]   [MetaProViz] Parsing unit from `1cm`
[2026-01-13 17:18:14] [TRACE]   [MetaProViz] Setting widths[4] to 1cm [name=ylab-l, offset=-1, empty=TRUE, original=0points]
[2026-01-13 17:18:14] [TRACE]   [MetaProViz] Parsing unit from `1cm`
[2026-01-13 17:18:15] [TRACE]   [MetaProViz] Setting widths[11] to 1cm [name=guide-box-right, offset=0, empty=FALSE, original=0cm]
[2026-01-13 17:18:15] [TRACE]   [MetaProViz] Parsing unit from `8cm`
[2026-01-13 17:18:15] [TRACE]   [MetaProViz] Setting heights[9] to 8cm [name=axis-l, offset=0, empty=FALSE, original=1null]
[2026-01-13 17:18:15] [TRACE]   [MetaProViz] Parsing unit from `0.75cm`
[2026-01-13 17:18:15] [TRACE]   [MetaProViz] Setting heights[10] to 0.75cm [name=axis-b, offset=0, empty=FALSE, original=sum(0.210875882108759cm, max(0points, -0.210875882108759cm), 0null, 0.539117372353673cm, 1null, 0cm)]
[2026-01-13 17:18:15] [TRACE]   [MetaProViz] Parsing unit from `0.75cm`
[2026-01-13 17:18:15] [TRACE]   [MetaProViz] Setting heights[11] to 0.75cm [name=xlab-b, offset=0, empty=FALSE, original=1grobheight]
[2026-01-13 17:18:15] [TRACE]   [MetaProViz] Parsing unit from `0cm`
[2026-01-13 17:18:15] [TRACE]   [MetaProViz] Setting heights[1] to 0cm [name=title, offset=-2, empty=FALSE, original=12points]
[2026-01-13 17:18:15] [TRACE]   [MetaProViz] Parsing unit from `0cm`
[2026-01-13 17:18:15] [TRACE]   [MetaProViz] Setting heights[2] to 0cm [name=title, offset=-1, empty=TRUE, original=0points]
[2026-01-13 17:18:15] [TRACE]   [MetaProViz] Parsing unit from `0.25cm`
[2026-01-13 17:18:15] [TRACE]   [MetaProViz] Setting heights[3] to 0.25cm [name=title, offset=0, empty=FALSE, original=1grobheight]
[2026-01-13 17:18:15] [TRACE]   [MetaProViz] Parsing unit from `0cm`
[2026-01-13 17:18:15] [TRACE]   [MetaProViz] Setting heights[4] to 0cm [name=subtitle, offset=0, empty=FALSE, original=1grobheight]
[2026-01-13 17:18:15] [TRACE]   [MetaProViz] Parsing unit from `0cm`
[2026-01-13 17:18:15] [TRACE]   [MetaProViz] Setting heights[5] to 0cm [name=guide-box-top, offset=0, empty=FALSE, original=0cm]
[2026-01-13 17:18:15] [TRACE]   [MetaProViz] Parsing unit from `0cm`
[2026-01-13 17:18:15] [TRACE]   [MetaProViz] Setting heights[6] to 0cm [name=xlab-t, offset=-1, empty=TRUE, original=0points]
[2026-01-13 17:18:15] [TRACE]   [MetaProViz] Setting heights[3] to 0.5cm [name=title, main, offset=0, empty=FALSE, original=0.25cm]
[2026-01-13 17:18:15] [TRACE]   [MetaProViz] Parsing unit from `0.5cm`
[2026-01-13 17:18:15] [TRACE]   [MetaProViz] Setting heights[4] to 0.5cm [name=subtitle, main, offset=0, empty=FALSE, original=0cm]
[2026-01-13 17:18:15] [TRACE]   [MetaProViz] Parsing unit from `-0.70cm`
[2026-01-13 17:18:15] [TRACE]   [MetaProViz] Setting widths[11] to max(-0.7cm, 1cm) [name=guide-box-right, legend, offset=0, empty=FALSE, original=1cm]
[2026-01-13 17:18:15] [TRACE]   [MetaProViz] Sum of heights: 12.00, sum of widths: 12.00
