[2024-09-16 17:05:54] [INFO]    [OmnipathR] Welcome to OmnipathR!
[2024-09-16 17:05:54] [INFO]    [OmnipathR] OmnipathR version: 3.13.25
[2024-09-16 17:05:54] [TRACE]   [OmnipathR] Reading JSON from `C:\Users\chris\AppData\Local\Cache\OmnipathR/cache.json` (encoding: UTF-8).
[2024-09-16 17:05:54] [TRACE]   [OmnipathR] JSON validation successful: TRUE
[2024-09-16 17:05:54] [INFO]    [OmnipathR] Initialized cache: `C:\Users\chris\AppData\Local\Cache\OmnipathR`.
[2024-09-16 17:05:54] [TRACE]   [OmnipathR] Reading JSON from `C:/Users/chris/AppData/Local/R/win-library/4.3/OmnipathR/db/db_def.json` (encoding: UTF-8).
[2024-09-16 17:05:54] [TRACE]   [OmnipathR] JSON validation successful: TRUE
[2024-09-16 17:05:54] [TRACE]   [OmnipathR] Reading JSON from `C:/Users/chris/AppData/Local/R/win-library/4.3/OmnipathR/internal/magic_bytes.json` (encoding: UTF-8).
[2024-09-16 17:05:54] [TRACE]   [OmnipathR] JSON validation successful: TRUE
[2024-09-16 17:05:54] [TRACE]   [OmnipathR] Reading JSON from `C:/Users/chris/AppData/Local/R/win-library/4.3/OmnipathR/internal/urls.json` (encoding: UTF-8).
[2024-09-16 17:05:54] [TRACE]   [OmnipathR] JSON validation successful: TRUE
[2024-09-16 17:05:54] [TRACE]   [OmnipathR] Reading JSON from `C:/Users/chris/AppData/Local/R/win-library/4.3/OmnipathR/internal/id_types.json` (encoding: UTF-8).
[2024-09-16 17:05:54] [TRACE]   [OmnipathR] JSON validation successful: TRUE
[2024-09-16 17:05:59] [INFO]    [OmnipathR] Welcome to OmnipathR!
[2024-09-16 17:05:59] [INFO]    [OmnipathR] OmnipathR version: 3.13.25
[2024-09-16 17:05:59] [TRACE]   [OmnipathR] Reading JSON from `C:\Users\chris\AppData\Local\Cache\OmnipathR/cache.json` (encoding: UTF-8).
[2024-09-16 17:05:59] [TRACE]   [OmnipathR] JSON validation successful: TRUE
[2024-09-16 17:05:59] [INFO]    [OmnipathR] Initialized cache: `C:\Users\chris\AppData\Local\Cache\OmnipathR`.
[2024-09-16 17:05:59] [TRACE]   [OmnipathR] Reading JSON from `C:/Users/chris/AppData/Local/R/win-library/4.3/OmnipathR/db/db_def.json` (encoding: UTF-8).
[2024-09-16 17:05:59] [TRACE]   [OmnipathR] JSON validation successful: TRUE
[2024-09-16 17:05:59] [TRACE]   [OmnipathR] Reading JSON from `C:/Users/chris/AppData/Local/R/win-library/4.3/OmnipathR/internal/magic_bytes.json` (encoding: UTF-8).
[2024-09-16 17:05:59] [TRACE]   [OmnipathR] JSON validation successful: TRUE
[2024-09-16 17:05:59] [TRACE]   [OmnipathR] Reading JSON from `C:/Users/chris/AppData/Local/R/win-library/4.3/OmnipathR/internal/urls.json` (encoding: UTF-8).
[2024-09-16 17:05:59] [TRACE]   [OmnipathR] JSON validation successful: TRUE
[2024-09-16 17:05:59] [TRACE]   [OmnipathR] Reading JSON from `C:/Users/chris/AppData/Local/R/win-library/4.3/OmnipathR/internal/id_types.json` (encoding: UTF-8).
[2024-09-16 17:05:59] [TRACE]   [OmnipathR] JSON validation successful: TRUE
