[2025-12-16 13:50:24] [TRACE]   [OmnipathR] Reading JSON from `C:\Users\janni\AppData\Local\cache\OmnipathR/cache.json` (encoding: UTF-8).
[2025-12-16 13:50:24] [TRACE]   [OmnipathR] JSON validation successful: TRUE
[2025-12-16 13:50:24] [INFO]    [OmnipathR] Initialized cache: `C:\Users\janni\AppData\Local\cache\OmnipathR`.
[2025-12-16 13:50:24] [INFO]    [OmnipathR] Package `OmnipathR` packaged: 2025-09-24 14:45:28 UTC; Jannik
[2025-12-16 13:50:24] [INFO]    [OmnipathR] Package `OmnipathR` date/publication: NA
[2025-12-16 13:50:24] [INFO]    [OmnipathR] Package `OmnipathR` built: R 4.4.3; ; 2025-09-24 14:45:30 UTC; windows
[2025-12-16 13:50:24] [INFO]    [OmnipathR] Package `OmnipathR` version: 3.17.6
[2025-12-16 13:50:24] [INFO]    [OmnipathR] Package `OmnipathR` repository: NA
[2025-12-16 13:50:25] [INFO]    [OmnipathR] Session info: [version=R version 4.4.2 (2024-10-31 ucrt); os=Windows 10 x64 (build 19045); system=x86_64, mingw32; ui=RStudio; language=(EN); collate=German_Germany.1252; ctype=German_Germany.1252; tz=Europe/London; date=2025-12-16; rstudio=2021.09.0+351 Ghost Orchid (desktop); pandoc=2.14.0.3 @ C:/Program Files/RStudio/bin/pandoc/ (via rmarkdown); quarto=NA]
[2025-12-16 13:50:26] [INFO]    [OmnipathR] External libraries: [cairo=1.18.2; cairoFT=; pango=; png=1.6.44; jpeg=9.6; tiff=LIBTIFF, Version 4.7.0; tcl=8.6.13; curl=8.10.1; zlib=1.3.1; bzlib=1.0.8, 13-Jul-2019; xz=5.6.3; deflate=1.22; PCRE=10.44 2024-06-07; ICU=74.2; TRE=TRE 0.8.0 R_fixes (BSD); iconv=win_iconv; readline=; BLAS=; lapack=; lapack_version=3.12.0]
[2025-12-16 13:50:27] [INFO]    [OmnipathR] Loaded packages: backports 1.5.0(2024-05-23); bit 4.6.0(2025-03-06); bit64 4.6.0-1(2025-01-16); blob 1.2.4(2023-03-17); cachem 1.1.0(2024-05-16); cellranger 1.1.0(2016-07-27); checkmate 2.3.3(2025-08-18); cli 3.6.5(2025-04-23); colorspace 2.1-1(2024-07-26); ComplexUpset 1.3.3(2021-12-11); crayon 1.5.3(2024-06-20); curl 7.0.0(2025-08-19); DBI 1.2.3(2024-06-02); digest 0.6.37(2024-08-19); dplyr 1.1.4(2023-11-17); EnhancedVolcano 1.24.0(2024-10-29); evaluate 1.0.5(2025-08-27); farver 2.1.2(2024-05-13); fastmap 1.2.0(2024-05-15); fs 1.6.6(2025-04-12); generics 0.1.4(2025-05-09); ggdendro 0.2.0(2024-02-23); ggfittext 0.10.3(2025-12-13); ggforce 0.5.0(2025-06-18); ggplot2 4.0.1(2025-11-14); ggraph 2.2.2(2025-08-24); ggrepel 0.9.6(2024-09-07); glue 1.8.0(2024-09-30); graphlayouts 1.2.2(2025-01-23); gridExtra 2.3(2017-09-09); gtable 0.3.6(2024-10-25); hms 1.1.4(2025-10-17); htmltools 0.5.8.1(2024-04-04); httr 1.4.7(2023-08-15); httr2 1.2.1(2025-07-22); igraph 2.2.1(2025-10-27); jsonlite 2.0.0(2025-03-27); knitr 1.50(2025-03-16); later 1.4.4(2025-08-27); lifecycle 1.0.4(2023-11-07); logger 0.4.1(2025-09-11); lubridate 1.9.4(2024-12-08); magrittr 2.0.4(2025-09-12); MASS 7.3-61(2024-06-13); memoise 2.0.1(2021-11-26); MetaProViz 3.99.24(2025-11-19); OmnipathR 3.17.6(2025-09-24); patchwork 1.3.2(2025-08-25); pheatmap 1.0.13(2025-06-05); pillar 1.11.1(2025-09-17); pkgconfig 2.0.3(2019-09-22); polyclip 1.10-7(2024-07-23); prettyunits 1.2.0(2023-09-24); progress 1.2.3(2023-12-06); purrr 1.1.0(2025-07-10); R.methodsS3 1.8.2(2022-06-13); R.oo 1.27.1(2025-05-02); R.utils 2.13.0(2025-02-24); R6 2.6.1(2025-02-15); rappdirs 0.3.3(2021-01-31); RColorBrewer 1.1-3(2022-04-03); Rcpp 1.1.0(2025-07-02); readr 2.1.5(2024-01-10); readxl 1.4.5(2025-03-07); rlang 1.1.6(2025-04-11); rmarkdown 2.30(2025-09-28); RSQLite 2.4.5(2025-11-30); rstudioapi 0.17.1(2024-10-22); rvest 1.0.5(2025-08-29); S7 0.2.1(2025-11-14); scales 1.4.0(2025-04-24); sessioninfo 1.2.3(2025-02-05); stringi 1.8.7(2025-03-27); stringr 1.5.2(2025-09-08); svglite 2.2.2(2025-10-21); systemfonts 1.3.1(2025-10-01); textshaping 1.0.4(2025-10-10); tibble 3.3.0(2025-06-08); tidygraph 1.3.1(2024-01-30); tidyr 1.3.1(2024-01-24); tidyselect 1.2.1(2024-03-11); timechange 0.3.0(2024-01-18); treemapify 2.6.0(2025-12-14); tweenr 2.0.3(2024-02-26); tzdb 0.5.0(2025-03-15); vctrs 0.6.5(2023-12-01); viridis 0.6.5(2024-01-29); viridisLite 0.4.2(2023-05-02); withr 3.0.2(2024-10-28); xfun 0.53(2025-08-19); XML 3.99-0.20(2025-11-08); xml2 1.5.1(2025-12-01); yaml 2.3.10(2024-07-26); zip 2.3.3(2025-05-13)
[2025-12-16 13:50:27] [INFO]    [OmnipathR] CURL: version: 8.14.1; headers: 8.14.1; ssl_version: (OpenSSL/3.5.0) Schannel; libz_version: 1.3; libssh_version: libssh2/1.11.0; libidn_version: NA; host: x86_64-w64-mingw32; protocols: dict, file, ftp, ftps, gopher, gophers, http, https, imap, imaps, ldap, ldaps, mqtt, pop3, pop3s, rtsp, scp, sftp, smb, smbs, smtp, smtps, telnet, tftp, ws, wss; ipv6: TRUE; http2: TRUE; idn: TRUE; url_parser: TRUE
[2025-12-16 13:50:27] [TRACE]   [OmnipathR] Reading JSON from `C:/Users/janni/AppData/Local/R/win-library/4.4/OmnipathR/db/db_def.json` (encoding: UTF-8).
[2025-12-16 13:50:27] [TRACE]   [OmnipathR] JSON validation successful: TRUE
[2025-12-16 13:50:27] [TRACE]   [OmnipathR] Reading JSON from `C:/Users/janni/AppData/Local/R/win-library/4.4/OmnipathR/internal/magic_bytes.json` (encoding: UTF-8).
[2025-12-16 13:50:27] [TRACE]   [OmnipathR] JSON validation successful: TRUE
[2025-12-16 13:50:27] [TRACE]   [OmnipathR] Reading JSON from `C:/Users/janni/AppData/Local/R/win-library/4.4/OmnipathR/internal/urls.json` (encoding: UTF-8).
[2025-12-16 13:50:27] [TRACE]   [OmnipathR] JSON validation successful: TRUE
[2025-12-16 13:50:27] [TRACE]   [OmnipathR] Reading JSON from `C:/Users/janni/AppData/Local/R/win-library/4.4/OmnipathR/internal/id_types.json` (encoding: UTF-8).
[2025-12-16 13:50:27] [TRACE]   [OmnipathR] JSON validation successful: TRUE
[2025-12-16 13:50:34] [TRACE]   [OmnipathR] Downloading by `generic_downloader`.
[2025-12-16 13:50:34] [TRACE]   [OmnipathR] Looking up in cache: `https://rest.kegg.jp/link/compound/pathway`.
[2025-12-16 13:50:34] [TRACE]   [OmnipathR] Loaded data from RDS `C:\Users\janni\AppData\Local\cache\OmnipathR/c6ff89c85308605f76b13b8b7eef2efc510fca11-1.rds`.
[2025-12-16 13:50:36] [SUCCESS] [OmnipathR] KEGG (rest.kegg.jp): loaded 19315 records from cache
[2025-12-16 13:50:36] [TRACE]   [OmnipathR] Downloading by `generic_downloader`.
[2025-12-16 13:50:36] [TRACE]   [OmnipathR] Looking up in cache: `https://rest.kegg.jp/list/pathway`.
[2025-12-16 13:50:36] [TRACE]   [OmnipathR] Loaded data from RDS `C:\Users\janni\AppData\Local\cache\OmnipathR/0bd054860c052a2ac0d7a3849b304d085f377df0-1.rds`.
[2025-12-16 13:50:36] [SUCCESS] [OmnipathR] KEGG (rest.kegg.jp): loaded 580 records from cache
[2025-12-16 13:50:36] [TRACE]   [OmnipathR] Downloading by `generic_downloader`.
[2025-12-16 13:50:36] [TRACE]   [OmnipathR] Looking up in cache: `https://rest.kegg.jp/list/compound`.
[2025-12-16 13:50:36] [TRACE]   [OmnipathR] Loaded data from RDS `C:\Users\janni\AppData\Local\cache\OmnipathR/855597ce84b494f3ef3ac5750c407848569a7f66-1.rds`.
[2025-12-16 13:50:36] [SUCCESS] [OmnipathR] KEGG (rest.kegg.jp): loaded 19514 records from cache
[2025-12-16 13:50:36] [INFO]    [OmnipathR] Loading database `List of organisms in KEGG`.
[2025-12-16 13:50:36] [TRACE]   [OmnipathR] Downloading by `generic_downloader`.
[2025-12-16 13:50:36] [TRACE]   [OmnipathR] Looking up in cache: `https://rest.kegg.jp/list/organism`.
[2025-12-16 13:50:36] [TRACE]   [OmnipathR] Loaded data from RDS `C:\Users\janni\AppData\Local\cache\OmnipathR/e7c3da8d7f582ca4c3a757f7408df807fbe91b47-1.rds`.
[2025-12-16 13:50:37] [SUCCESS] [OmnipathR] KEGG (rest.kegg.jp): loaded 11192 records from cache
[2025-12-16 13:50:37] [INFO]    [OmnipathR] Loaded database `List of organisms in KEGG`.
[2025-12-16 13:50:37] [TRACE]   [OmnipathR] Downloading by `generic_downloader`.
[2025-12-16 13:50:37] [TRACE]   [OmnipathR] Looking up in cache: `https://rest.kegg.jp/conv/compound/pubchem`.
[2025-12-16 13:50:37] [TRACE]   [OmnipathR] Loaded data from RDS `C:\Users\janni\AppData\Local\cache\OmnipathR/df48f267c99a2d8dd3cb7ed031941afbedc22d48-1.rds`.
[2025-12-16 13:50:37] [SUCCESS] [OmnipathR] KEGG (rest.kegg.jp): loaded 19384 records from cache
[2025-12-16 14:03:45] [TRACE]   [OmnipathR] Downloading by `generic_downloader`.
[2025-12-16 14:03:45] [TRACE]   [OmnipathR] Looking up in cache: `https://rest.kegg.jp/link/compound/pathway`.
[2025-12-16 14:03:45] [TRACE]   [OmnipathR] Loaded data from RDS `C:\Users\janni\AppData\Local\cache\OmnipathR/c6ff89c85308605f76b13b8b7eef2efc510fca11-1.rds`.
[2025-12-16 14:03:45] [SUCCESS] [OmnipathR] KEGG (rest.kegg.jp): loaded 19315 records from cache
[2025-12-16 14:03:46] [TRACE]   [OmnipathR] Downloading by `generic_downloader`.
[2025-12-16 14:03:46] [TRACE]   [OmnipathR] Looking up in cache: `https://rest.kegg.jp/list/pathway`.
[2025-12-16 14:03:46] [TRACE]   [OmnipathR] Loaded data from RDS `C:\Users\janni\AppData\Local\cache\OmnipathR/0bd054860c052a2ac0d7a3849b304d085f377df0-1.rds`.
[2025-12-16 14:03:46] [SUCCESS] [OmnipathR] KEGG (rest.kegg.jp): loaded 580 records from cache
[2025-12-16 14:03:46] [TRACE]   [OmnipathR] Downloading by `generic_downloader`.
[2025-12-16 14:03:46] [TRACE]   [OmnipathR] Looking up in cache: `https://rest.kegg.jp/list/compound`.
[2025-12-16 14:03:46] [TRACE]   [OmnipathR] Loaded data from RDS `C:\Users\janni\AppData\Local\cache\OmnipathR/855597ce84b494f3ef3ac5750c407848569a7f66-1.rds`.
[2025-12-16 14:03:47] [SUCCESS] [OmnipathR] KEGG (rest.kegg.jp): loaded 19514 records from cache
[2025-12-16 14:03:47] [TRACE]   [OmnipathR] Downloading by `generic_downloader`.
[2025-12-16 14:03:47] [TRACE]   [OmnipathR] Looking up in cache: `https://rest.kegg.jp/conv/compound/pubchem`.
[2025-12-16 14:03:47] [TRACE]   [OmnipathR] Loaded data from RDS `C:\Users\janni\AppData\Local\cache\OmnipathR/df48f267c99a2d8dd3cb7ed031941afbedc22d48-1.rds`.
[2025-12-16 14:03:47] [SUCCESS] [OmnipathR] KEGG (rest.kegg.jp): loaded 19384 records from cache
