[2025-08-01 10:15:40] [TRACE]   [OmnipathR] Reading JSON from `C:\Users\chris\AppData\Local\Cache\OmnipathR/cache.json` (encoding: UTF-8).
[2025-08-01 10:15:40] [TRACE]   [OmnipathR] JSON validation successful: TRUE
[2025-08-01 10:15:40] [INFO]    [OmnipathR] Initialized cache: `C:\Users\chris\AppData\Local\Cache\OmnipathR`.
[2025-08-01 10:15:40] [INFO]    [OmnipathR] Package `OmnipathR` packaged: 2025-04-03 09:27:23 UTC; chris
[2025-08-01 10:15:40] [INFO]    [OmnipathR] Package `OmnipathR` date/publication: NA
[2025-08-01 10:15:40] [INFO]    [OmnipathR] Package `OmnipathR` built: R 4.4.3; ; 2025-04-03 09:27:24 UTC; windows
[2025-08-01 10:15:40] [INFO]    [OmnipathR] Package `OmnipathR` version: 3.15.12
[2025-08-01 10:15:40] [INFO]    [OmnipathR] Package `OmnipathR` repository: NA
[2025-08-01 10:15:41] [INFO]    [OmnipathR] Session info: [version=R version 4.4.3 (2025-02-28 ucrt); os=Windows 10 x64 (build 19045); system=x86_64, mingw32; ui=RTerm; language=(EN); collate=English_United Kingdom.utf8; ctype=English_United Kingdom.utf8; tz=Europe/Berlin; date=2025-08-01; pandoc=3.2 @ C:/PROGRA~1/RStudio/RESOUR~1/app/bin/quarto/bin/tools/ (via rmarkdown); quarto=NA]
[2025-08-01 10:15:41] [INFO]    [OmnipathR] External libraries: [cairo=1.18.2; cairoFT=; pango=; png=1.6.45; jpeg=9.6; tiff=LIBTIFF, Version 4.7.0; tcl=8.6.13; curl=8.11.1; zlib=1.3.1; bzlib=1.0.8, 13-Jul-2019; xz=5.6.3; deflate=1.23; PCRE=10.44 2024-06-07; ICU=76.1; TRE=TRE 0.8.0 R_fixes (BSD); iconv=win_iconv; readline=; BLAS=; lapack=; lapack_version=3.12.0]
[2025-08-01 10:15:41] [INFO]    [OmnipathR] Loaded packages: backports 1.5.0(2024-05-23); BiocManager 1.30.26(2025-06-05); bit 4.6.0(2025-03-06); bit64 4.6.0-1(2025-01-16); blob 1.2.4(2023-03-17); bslib 0.9.0(2025-01-30); cachem 1.1.0(2024-05-16); cellranger 1.1.0(2016-07-27); checkmate 2.3.2(2024-07-29); cli 3.6.4(2025-02-13); colorspace 2.1-1(2024-07-26); ComplexUpset 1.3.3(2021-12-11); crayon 1.5.3(2024-06-20); curl 6.3.0(2025-06-06); DBI 1.2.3(2024-06-02); digest 0.6.37(2024-08-19); dplyr 1.1.4(2023-11-17); evaluate 1.0.4(2025-06-18); farver 2.1.2(2024-05-13); fastmap 1.2.0(2024-05-15); fs 1.6.6(2025-04-12); generics 0.1.4(2025-05-09); ggplot2 3.5.2(2025-04-09); glue 1.8.0(2024-09-30); gtable 0.3.6(2024-10-25); hms 1.1.3(2023-03-21); htmltools 0.5.8.1(2024-04-04); httr 1.4.7(2023-08-15); httr2 1.1.2(2025-03-26); igraph 2.1.4(2025-01-23); jquerylib 0.1.4(2021-04-26); jsonlite 2.0.0(2025-03-27); knitr 1.50(2025-03-16); later 1.4.2(2025-04-08); lifecycle 1.0.4(2023-11-07); logger 0.4.0(2024-10-22); lubridate 1.9.4(2024-12-08); magrittr 2.0.3(2022-03-30); memoise 2.0.1(2021-11-26); MetaProViz 3.0.3(2025-07-31); OmnipathR 3.15.12(2025-04-03); patchwork 1.3.0(2024-09-16); pillar 1.10.2(2025-04-05); pkgconfig 2.0.3(2019-09-22); prettyunits 1.2.0(2023-09-24); progress 1.2.3(2023-12-06); purrr 1.1.0(2025-07-10); R.methodsS3 1.8.2(2022-06-13); R.oo 1.27.1(2025-05-02); R.utils 2.13.0(2025-02-24); R6 2.6.1(2025-02-15); rappdirs 0.3.3(2021-01-31); RColorBrewer 1.1-3(2022-04-03); Rcpp 1.0.14(2025-01-12); readr 2.1.5(2024-01-10); readxl 1.4.5(2025-03-07); renv 1.1.5(2025-07-24); rlang 1.1.6(2025-04-11); rmarkdown 2.29(2024-11-04); RSQLite 2.4.1(2025-06-08); rvest 1.0.4(2024-02-12); sass 0.4.10(2025-04-11); scales 1.4.0(2025-04-24); sessioninfo 1.2.3(2025-02-05); stringi 1.8.7(2025-03-27); stringr 1.5.1(2023-11-14); tibble 3.3.0(2025-06-08); tidyr 1.3.1(2024-01-24); tidyselect 1.2.1(2024-03-11); timechange 0.3.0(2024-01-18); tzdb 0.5.0(2025-03-15); vctrs 0.6.5(2023-12-01); withr 3.0.2(2024-10-28); xfun 0.52(2025-04-02); XML 3.99-0.18(2025-01-01); xml2 1.3.8(2025-03-14); yaml 2.3.10(2024-07-26); zip 2.3.3(2025-05-13)
[2025-08-01 10:15:41] [INFO]    [OmnipathR] CURL: version: 8.14.1; headers: 8.14.1; ssl_version: (OpenSSL/3.5.0) Schannel; libz_version: 1.3; libssh_version: libssh2/1.11.0; libidn_version: NA; host: x86_64-w64-mingw32; protocols: dict, file, ftp, ftps, gopher, gophers, http, https, imap, imaps, ldap, ldaps, mqtt, pop3, pop3s, rtsp, scp, sftp, smb, smbs, smtp, smtps, telnet, tftp, ws, wss; ipv6: TRUE; http2: TRUE; idn: TRUE; url_parser: TRUE
[2025-08-01 10:15:41] [TRACE]   [OmnipathR] Reading JSON from `C:/Users/chris/AppData/Local/R/cache/R/renv/cache/v5/windows/R-4.4/x86_64-w64-mingw32/OmnipathR/3.15.12/3c54670532d1529b2981f0226a71a91a/OmnipathR/db/db_def.json` (encoding: UTF-8).
[2025-08-01 10:15:41] [TRACE]   [OmnipathR] JSON validation successful: TRUE
[2025-08-01 10:15:41] [TRACE]   [OmnipathR] Reading JSON from `C:/Users/chris/AppData/Local/R/cache/R/renv/cache/v5/windows/R-4.4/x86_64-w64-mingw32/OmnipathR/3.15.12/3c54670532d1529b2981f0226a71a91a/OmnipathR/internal/magic_bytes.json` (encoding: UTF-8).
[2025-08-01 10:15:41] [TRACE]   [OmnipathR] JSON validation successful: TRUE
[2025-08-01 10:15:41] [TRACE]   [OmnipathR] Reading JSON from `C:/Users/chris/AppData/Local/R/cache/R/renv/cache/v5/windows/R-4.4/x86_64-w64-mingw32/OmnipathR/3.15.12/3c54670532d1529b2981f0226a71a91a/OmnipathR/internal/urls.json` (encoding: UTF-8).
[2025-08-01 10:15:41] [TRACE]   [OmnipathR] JSON validation successful: TRUE
[2025-08-01 10:15:41] [TRACE]   [OmnipathR] Reading JSON from `C:/Users/chris/AppData/Local/R/cache/R/renv/cache/v5/windows/R-4.4/x86_64-w64-mingw32/OmnipathR/3.15.12/3c54670532d1529b2981f0226a71a91a/OmnipathR/internal/id_types.json` (encoding: UTF-8).
[2025-08-01 10:15:41] [TRACE]   [OmnipathR] JSON validation successful: TRUE
[2025-08-01 10:15:42] [TRACE]   [OmnipathR] Downloading by `generic_downloader`.
[2025-08-01 10:15:42] [TRACE]   [OmnipathR] Looking up in cache: `https://rest.kegg.jp/link/compound/pathway`.
[2025-08-01 10:15:42] [TRACE]   [OmnipathR] Loaded data from RDS `C:\Users\chris\AppData\Local\Cache\OmnipathR/c6ff89c85308605f76b13b8b7eef2efc510fca11-1.rds`.
[2025-08-01 10:15:42] [SUCCESS] [OmnipathR] KEGG (rest.kegg.jp): loaded 19148 records from cache
[2025-08-01 10:15:42] [TRACE]   [OmnipathR] Downloading by `generic_downloader`.
[2025-08-01 10:15:42] [TRACE]   [OmnipathR] Looking up in cache: `https://rest.kegg.jp/list/pathway`.
[2025-08-01 10:15:42] [TRACE]   [OmnipathR] Loaded data from RDS `C:\Users\chris\AppData\Local\Cache\OmnipathR/0bd054860c052a2ac0d7a3849b304d085f377df0-1.rds`.
[2025-08-01 10:15:42] [SUCCESS] [OmnipathR] KEGG (rest.kegg.jp): loaded 578 records from cache
[2025-08-01 10:15:42] [TRACE]   [OmnipathR] Downloading by `generic_downloader`.
[2025-08-01 10:15:42] [TRACE]   [OmnipathR] Looking up in cache: `https://rest.kegg.jp/list/compound`.
[2025-08-01 10:15:42] [TRACE]   [OmnipathR] Loaded data from RDS `C:\Users\chris\AppData\Local\Cache\OmnipathR/855597ce84b494f3ef3ac5750c407848569a7f66-1.rds`.
[2025-08-01 10:15:42] [SUCCESS] [OmnipathR] KEGG (rest.kegg.jp): loaded 19460 records from cache
[2025-08-01 10:15:42] [INFO]    [OmnipathR] Loading database `List of organisms in KEGG`.
[2025-08-01 10:15:42] [TRACE]   [OmnipathR] Downloading by `generic_downloader`.
[2025-08-01 10:15:42] [TRACE]   [OmnipathR] Looking up in cache: `https://rest.kegg.jp/list/organism`.
[2025-08-01 10:15:42] [TRACE]   [OmnipathR] Loaded data from RDS `C:\Users\chris\AppData\Local\Cache\OmnipathR/e7c3da8d7f582ca4c3a757f7408df807fbe91b47-1.rds`.
[2025-08-01 10:15:42] [SUCCESS] [OmnipathR] KEGG (rest.kegg.jp): loaded 10728 records from cache
[2025-08-01 10:15:42] [INFO]    [OmnipathR] Loaded database `List of organisms in KEGG`.
[2025-08-01 10:15:42] [TRACE]   [OmnipathR] Downloading by `generic_downloader`.
[2025-08-01 10:15:42] [TRACE]   [OmnipathR] Looking up in cache: `https://rest.kegg.jp/conv/compound/pubchem`.
[2025-08-01 10:15:42] [TRACE]   [OmnipathR] Loaded data from RDS `C:\Users\chris\AppData\Local\Cache\OmnipathR/df48f267c99a2d8dd3cb7ed031941afbedc22d48-1.rds`.
[2025-08-01 10:15:42] [SUCCESS] [OmnipathR] KEGG (rest.kegg.jp): loaded 19331 records from cache
[2025-08-01 10:16:15] [INFO]    [OmnipathR] Looking up in cache `metalinksdb.sqlite`: key=e2682a205032a8eff5e0533edafd2730b9eb450c, latest version=1.
[2025-08-01 10:16:15] [TRACE]   [OmnipathR] Cache file path: C:\Users\chris\AppData\Local\Cache\OmnipathR/e2682a205032a8eff5e0533edafd2730b9eb450c-1
